<?xml version="1.0" encoding="UTF-8"?>
<!-- Generated by org.testng.reporters.JUnitReportReporter -->
<testsuite hostname="DESKTOP-8BJTPEF" failures="0" tests="1" name="testpackage.TestKhan" time="18.554" errors="0" timestamp="2025-07-04T21:31:39 IST" skipped="0">
  <testcase classname="testpackage.TestKhan" name="loginClickTest" time="18.554"/>
</testsuite> <!-- testpackage.TestKhan -->
